<?xml version="1.0" encoding="UTF-8"?>
<testng-results skipped="0" failed="0" ignored="0" total="1" passed="1">
  <reporter-output>
  </reporter-output>
  <suite name="Surefire suite" duration-ms="115" started-at="2020-05-24T13:28:21Z" finished-at="2020-05-24T13:28:21Z">
    <groups>
    </groups>
    <test name="Surefire test" duration-ms="115" started-at="2020-05-24T13:28:21Z" finished-at="2020-05-24T13:28:21Z">
      <class name="com.maven.commands.AppTest">
        <test-method status="PASS" signature="shouldAnswerWithTrue()" name="shouldAnswerWithTrue" duration-ms="42" started-at="2020-05-24T13:28:21Z" finished-at="2020-05-24T13:28:21Z">
          <reporter-output>
          </reporter-output>
        </test-method> <!-- shouldAnswerWithTrue -->
      </class> <!-- com.maven.commands.AppTest -->
    </test> <!-- Surefire test -->
  </suite> <!-- Surefire suite -->
</testng-results>
